\BOOKMARK [0][-]{chapter*.2}{\376\377\000I\000n\000t\000r\000o\000d\000u\000c\000t\000i\000o\000n}{}% 1
\BOOKMARK [0][-]{chapter.1}{\376\377\000I\000n\000t\000r\000o\000d\000u\000c\000t\000i\000o\000n\000\040\000t\000o\000\040\000s\000m\000o\000o\000t\000h\000\040\000m\000a\000n\000i\000f\000o\000l\000d\000s}{}% 2
\BOOKMARK [1][-]{section.1.1}{\376\377\000C\000h\000a\000r\000t\000s\000\040\000a\000n\000d\000\040\000a\000t\000l\000a\000s\000e\000s}{chapter.1}% 3
\BOOKMARK [1][-]{section.1.2}{\376\377\000T\000o\000p\000o\000l\000o\000g\000y}{chapter.1}% 4
\BOOKMARK [1][-]{section.1.3}{\376\377\000E\000x\000a\000m\000p\000l\000e\000s\000\040\000o\000f\000\040\000s\000m\000o\000o\000t\000h\000\040\000m\000a\000n\000i\000f\000o\000l\000d\000s}{chapter.1}% 5
\BOOKMARK [0][-]{chapter.2}{\376\377\000T\000a\000n\000g\000e\000n\000t\000\040\000s\000p\000a\000c\000e\000s}{}% 6
\BOOKMARK [1][-]{section.2.1}{\376\377\000T\000a\000n\000g\000e\000n\000t\000\040\000v\000e\000c\000t\000o\000r\000s\000\040\000a\000t\000\040\000a\000\040\000p\000o\000i\000n\000t}{chapter.2}% 7
\BOOKMARK [1][-]{section.2.2}{\376\377\000T\000h\000e\000\040\000d\000e\000r\000i\000v\000a\000t\000i\000v\000e\000\040\000i\000n\000\040\000c\000o\000o\000r\000d\000i\000n\000a\000t\000e\000s}{chapter.2}% 8
\BOOKMARK [1][-]{section.2.3}{\376\377\000E\000x\000t\000r\000i\000n\000s\000i\000c\000\040\000m\000a\000n\000i\000f\000o\000l\000d\000s}{chapter.2}% 9
\BOOKMARK [1][-]{section.2.4}{\376\377\000T\000a\000n\000g\000e\000n\000t\000\040\000b\000u\000n\000d\000l\000e\000s}{chapter.2}% 10
\BOOKMARK [1][-]{section.2.5}{\376\377\000C\000u\000r\000v\000e\000s\000\040\000a\000n\000d\000\040\000v\000e\000l\000o\000c\000i\000t\000y\000\040\000v\000e\000c\000t\000o\000r\000s}{chapter.2}% 11
\BOOKMARK [1][-]{section.2.6}{\376\377\000V\000e\000c\000t\000o\000r\000\040\000f\000i\000e\000l\000d\000s\000\040\000a\000n\000d\000\040\000f\000r\000a\000m\000e\000s}{chapter.2}% 12
\BOOKMARK [0][-]{chapter.3}{\376\377\000C\000o\000v\000a\000r\000i\000a\000n\000t\000\040\000d\000e\000r\000i\000v\000a\000t\000i\000v\000e\000s\000\040\000a\000n\000d\000\040\000c\000o\000n\000n\000e\000c\000t\000i\000o\000n\000s}{}% 13
\BOOKMARK [1][-]{section.3.1}{\376\377\000C\000o\000v\000a\000r\000i\000a\000n\000t\000\040\000d\000e\000r\000i\000v\000a\000t\000i\000v\000e\000\040\000i\000n\000\040\000E\0002\000x\000,\000y}{chapter.3}% 14
\BOOKMARK [1][-]{section.3.2}{\376\377\000C\000o\000v\000a\000r\000i\000a\000n\000t\000\040\000d\000e\000r\000i\000v\000a\000t\000i\000v\000e\000\040\000o\000n\000\040\000a\000\040\000s\000p\000h\000e\000r\000e}{chapter.3}% 15
\BOOKMARK [1][-]{section.3.3}{\376\377\000C\000o\000v\000a\000r\000i\000a\000n\000t\000\040\000d\000e\000r\000i\000v\000a\000t\000i\000v\000e\000\040\000i\000n\000\040\000t\000h\000e\000\040\000p\000l\000a\000n\000e\000,\000\040\000o\000n\000c\000e\000\040\000m\000o\000r\000e}{chapter.3}% 16
\BOOKMARK [1][-]{section.3.4}{\376\377\000T\000h\000e\000\040\000i\000d\000e\000a\000\040\000b\000e\000h\000i\000n\000d\000\040\000c\000o\000n\000n\000e\000c\000t\000i\000o\000n\000s}{chapter.3}% 17
\BOOKMARK [0][-]{chapter.4}{\376\377\000A\000b\000s\000t\000r\000a\000c\000t\000\040\000c\000o\000v\000a\000r\000i\000a\000n\000t\000\040\000d\000e\000r\000i\000v\000a\000t\000i\000v\000e\000s\000\040\000a\000n\000d\000\040\000a\000b\000s\000t\000r\000a\000c\000t\000\040\000c\000o\000n\000n\000e\000c\000t\000i\000o\000n\000s}{}% 18
\BOOKMARK [1][-]{section.4.1}{\376\377\000T\000h\000e\000\040\000a\000b\000s\000t\000r\000a\000c\000t\000\040\000c\000o\000v\000a\000r\000i\000a\000n\000t\000\040\000d\000e\000r\000i\000v\000a\000t\000i\000v\000e}{chapter.4}% 19
\BOOKMARK [1][-]{section.4.2}{\376\377\000T\000h\000e\000\040\000F\000i\000n\000s\000l\000e\000r\000\040\000b\000u\000n\000d\000l\000e}{chapter.4}% 20
\BOOKMARK [0][-]{chapter.5}{\376\377\000E\000q\000u\000i\000v\000a\000l\000e\000n\000c\000e\000\040\000o\000f\000\040\000c\000o\000v\000a\000r\000i\000a\000n\000t\000\040\000d\000e\000r\000i\000v\000a\000t\000i\000v\000e\000s\000\040\000a\000n\000d\000\040\000c\000o\000n\000n\000e\000c\000t\000i\000o\000n\000\040\000f\000o\000r\000m\000s}{}% 21
\BOOKMARK [1][-]{section.5.1}{\376\377\000C\000o\000v\000a\000r\000i\000a\000n\000t\000\040\000d\000e\000r\000i\000v\000a\000t\000i\000v\000e\000s\000\040\000y\000i\000e\000l\000d\000\040\000c\000o\000n\000n\000e\000c\000t\000i\000o\000n\000\040\000f\000o\000r\000m\000s}{chapter.5}% 22
\BOOKMARK [1][-]{section.5.2}{\376\377\000C\000o\000n\000n\000e\000c\000t\000i\000o\000n\000\040\000f\000o\000r\000m\000s\000\040\000y\000i\000e\000l\000d\000\040\000c\000o\000v\000a\000r\000i\000a\000n\000t\000\040\000d\000e\000r\000i\000v\000a\000t\000i\000v\000e\000s}{chapter.5}% 23
\BOOKMARK [1][-]{section.5.3}{\376\377\000M\000o\000r\000e\000\040\000g\000e\000n\000e\000r\000a\000l\000\040\000s\000e\000t\000t\000i\000n\000g}{chapter.5}% 24
\BOOKMARK [0][-]{chapter*.9}{\376\377\000C\000o\000n\000c\000l\000u\000s\000i\000o\000n}{}% 25
\BOOKMARK [0][-]{chapter*.11}{\376\377\000B\000i\000b\000l\000i\000o\000g\000r\000a\000p\000h\000y}{}% 26
