\BOOKMARK [0][-]{chapter.1}{Time domain analysis of signals}{}% 1
\BOOKMARK [1][-]{section.1.1}{Classification of signals}{chapter.1}% 2
\BOOKMARK [1][-]{section.1.2}{Basic time domain characteristics}{chapter.1}% 3
\BOOKMARK [1][-]{section.1.3}{Correlations of signals}{chapter.1}% 4
\BOOKMARK [0][-]{chapter.2}{Signals as elements of Hilbert space}{}% 5
\BOOKMARK [1][-]{section.2.1}{Hilbert spaces}{chapter.2}% 6
\BOOKMARK [1][-]{section.2.2}{Orthogonal systems}{chapter.2}% 7
\BOOKMARK [0][-]{chapter.3}{Spectral analysis of signals}{}% 8
\BOOKMARK [1][-]{section.3.1}{Generalized Fourier series \(FS\)}{chapter.3}% 9
\BOOKMARK [1][-]{section.3.2}{Fourier series of discrete-time periodic signal \(DFS\)}{chapter.3}% 10
\BOOKMARK [1][-]{section.3.3}{Fourier transform \(FT\)}{chapter.3}% 11
\BOOKMARK [1][-]{section.3.4}{Discrete-time Fourier transform \(DtFT\)}{chapter.3}% 12
\BOOKMARK [1][-]{section.3.5}{Sampled signal and its spectrum}{chapter.3}% 13
\BOOKMARK [0][-]{chapter.4}{Transitioning between Fourier spectra}{}% 14
\BOOKMARK [1][-]{section.4.1}{Mutual relationships between transforms}{chapter.4}% 15
\BOOKMARK [1][-]{section.4.2}{Discrete Fourier transform \(DFT\)}{chapter.4}% 16
\BOOKMARK [0][-]{chapter.5}{Time domain analysis of systems}{}% 17
\BOOKMARK [1][-]{section.5.1}{Classification of systems}{chapter.5}% 18
\BOOKMARK [1][-]{section.5.2}{LTI systems}{chapter.5}% 19
\BOOKMARK [0][-]{chapter.6}{Spectral analysis of systems}{}% 20
\BOOKMARK [1][-]{section.6.1}{Frequency response}{chapter.6}% 21
\BOOKMARK [0][-]{appendix.A}{Special signals}{}% 22
\BOOKMARK [0][-]{appendix.B}{FT/DtFT relations}{}% 23
\BOOKMARK [1][-]{section.B.1}{FT/DtFT theorems}{appendix.B}% 24
